<?xml version="1.0" encoding="UTF-8"?>
<!-- Generated by org.testng.reporters.JUnitReportReporter -->
<testsuite hostname="srinidhi" failures="0" tests="1" name="com.test.org.com.test.org.QRbiz_app" time="14.592" errors="0" timestamp="2023-03-02T17:08:01 IST" skipped="0">
  <testcase classname="com.test.org.com.test.org.QRbiz_app" name="launch_QRbiz_App" time="14.592"/>
</testsuite> <!-- com.test.org.com.test.org.QRbiz_app -->
