<?xml version="1.0" encoding="UTF-8"?>
<!-- Generated by org.testng.reporters.JUnitReportReporter -->
<testsuite hostname="srinidhi" failures="0" tests="1" name="com.test.org.com.test.org.QRbiz" time="40.329" errors="0" timestamp="2023-03-10T10:03:15 IST" skipped="0">
  <testcase classname="com.test.org.com.test.org.QRbiz" name="QRbiz_NewRegister" time="40.329"/>
</testsuite> <!-- com.test.org.com.test.org.QRbiz -->
