<?xml version="1.0" encoding="UTF-8"?>
<!-- Generated by org.testng.reporters.JUnitReportReporter -->
<testsuite hostname="srinidhi" failures="0" tests="1" name="com.test.org.com.test.org.LaunchZomotoTest" time="67.974" errors="0" timestamp="2023-03-10T11:16:48 IST" skipped="0">
  <testcase classname="com.test.org.com.test.org.LaunchZomotoTest" name="ZomotoOrderTest" time="67.974"/>
</testsuite> <!-- com.test.org.com.test.org.LaunchZomotoTest -->
