<?xml version="1.0" encoding="UTF-8"?>
<!-- Generated by org.testng.reporters.JUnitReportReporter -->
<testsuite hostname="srinidhi" failures="0" tests="1" name="com.test.org.com.test.org.Testing" time="145.078" errors="0" timestamp="2023-03-03T17:39:25 IST" skipped="0">
  <testcase classname="com.test.org.com.test.org.Testing" name="OrderFood_without_Credential" time="145.078"/>
</testsuite> <!-- com.test.org.com.test.org.Testing -->
