<?xml version="1.0" encoding="UTF-8"?>
<!-- Generated by org.testng.reporters.JUnitReportReporter -->
<testsuite hostname="srinidhi" failures="0" tests="1" name="com.test.org.com.test.org.OrderFoodinZomato" time="41.327" errors="0" timestamp="2023-02-22T17:53:07 IST" skipped="0">
  <testcase classname="com.test.org.com.test.org.OrderFoodinZomato" name="orderfood_test" time="41.327"/>
</testsuite> <!-- com.test.org.com.test.org.OrderFoodinZomato -->
